0 info it worked if it ends with ok
1 verbose cli [ '/usr/local/bin/node', '/usr/local/bin/npm', 'i', 'edi-cam' ]
2 info using npm@2.15.1
3 info using node@v4.4.3
4 verbose install initial load of /home/pi/rover/package.json
5 verbose installManyTop reading scoped package data from /home/pi/rover/node_modules/body-parser/package.json
6 verbose installManyTop reading scoped package data from /home/pi/rover/node_modules/cookie-parser/package.json
7 verbose installManyTop reading scoped package data from /home/pi/rover/node_modules/cookie-session/package.json
8 verbose installManyTop reading scoped package data from /home/pi/rover/node_modules/debug/package.json
9 verbose installManyTop reading scoped package data from /home/pi/rover/node_modules/ejs/package.json
10 verbose installManyTop reading scoped package data from /home/pi/rover/node_modules/ejs-locals/package.json
11 verbose installManyTop reading scoped package data from /home/pi/rover/node_modules/express/package.json
12 verbose installManyTop reading scoped package data from /home/pi/rover/node_modules/i2c-bus/package.json
13 verbose installManyTop reading scoped package data from /home/pi/rover/node_modules/morgan/package.json
14 verbose installManyTop reading scoped package data from /home/pi/rover/node_modules/nconf/package.json
15 verbose installManyTop reading scoped package data from /home/pi/rover/node_modules/onoff/package.json
16 verbose installManyTop reading scoped package data from /home/pi/rover/node_modules/optimist/package.json
17 verbose installManyTop reading scoped package data from /home/pi/rover/node_modules/path/package.json
18 verbose installManyTop reading scoped package data from /home/pi/rover/node_modules/pca9685/package.json
19 verbose installManyTop reading scoped package data from /home/pi/rover/node_modules/pi-gpio/package.json
20 verbose installManyTop reading scoped package data from /home/pi/rover/node_modules/rpi-gpio/package.json
21 verbose installManyTop reading scoped package data from /home/pi/rover/node_modules/serve-favicon/package.json
22 verbose installManyTop reading scoped package data from /home/pi/rover/node_modules/socket.io/package.json
23 verbose installManyTop reading scoped package data from /home/pi/rover/node_modules/winston/package.json
24 info package.json ejs-locals@1.0.2 No license field.
25 info package.json optimist@0.6.1 license should be a valid SPDX license expression
26 info package.json pca9685@2.1.0 No license field.
27 info package.json pi-gpio@0.0.8 No license field.
28 info package.json path@0.12.7 path is also the name of a node core module.
29 verbose readDependencies loading dependencies from /home/pi/rover/package.json
30 silly cache add args [ 'edi-cam', null ]
31 verbose cache add spec edi-cam
32 silly cache add parsed spec Result {
32 silly cache add   raw: 'edi-cam',
32 silly cache add   scope: null,
32 silly cache add   name: 'edi-cam',
32 silly cache add   rawSpec: '',
32 silly cache add   spec: 'latest',
32 silly cache add   type: 'tag' }
33 silly addNamed edi-cam@latest
34 verbose addNamed "latest" is being treated as a dist-tag for edi-cam
35 info addNameTag [ 'edi-cam', 'latest' ]
36 silly mapToRegistry name edi-cam
37 silly mapToRegistry using default registry
38 silly mapToRegistry registry https://registry.npmjs.org/
39 silly mapToRegistry data Result {
39 silly mapToRegistry   raw: 'edi-cam',
39 silly mapToRegistry   scope: null,
39 silly mapToRegistry   name: 'edi-cam',
39 silly mapToRegistry   rawSpec: '',
39 silly mapToRegistry   spec: 'latest',
39 silly mapToRegistry   type: 'tag' }
40 silly mapToRegistry uri https://registry.npmjs.org/edi-cam
41 verbose addNameTag registry:https://registry.npmjs.org/edi-cam not in flight; fetching
42 verbose request uri https://registry.npmjs.org/edi-cam
43 verbose request no auth needed
44 info attempt registry request try #1 at 7:12:17 PM
45 verbose request id 554202ded35bdc4e
46 http request GET https://registry.npmjs.org/edi-cam
47 http 404 https://registry.npmjs.org/edi-cam
48 verbose headers { 'content-type': 'application/json',
48 verbose headers   'cache-control': 'max-age=0',
48 verbose headers   'content-length': '2',
48 verbose headers   'accept-ranges': 'bytes',
48 verbose headers   date: 'Wed, 04 May 2016 19:12:19 GMT',
48 verbose headers   via: '1.1 varnish',
48 verbose headers   age: '0',
48 verbose headers   connection: 'keep-alive',
48 verbose headers   'x-served-by': 'cache-fra1245-FRA',
48 verbose headers   'x-cache': 'MISS',
48 verbose headers   'x-cache-hits': '0',
48 verbose headers   'x-timer': 'S1462389138.645533,VS0,VE776',
48 verbose headers   vary: 'Accept-Encoding' }
49 silly get cb [ 404,
49 silly get   { 'content-type': 'application/json',
49 silly get     'cache-control': 'max-age=0',
49 silly get     'content-length': '2',
49 silly get     'accept-ranges': 'bytes',
49 silly get     date: 'Wed, 04 May 2016 19:12:19 GMT',
49 silly get     via: '1.1 varnish',
49 silly get     age: '0',
49 silly get     connection: 'keep-alive',
49 silly get     'x-served-by': 'cache-fra1245-FRA',
49 silly get     'x-cache': 'MISS',
49 silly get     'x-cache-hits': '0',
49 silly get     'x-timer': 'S1462389138.645533,VS0,VE776',
49 silly get     vary: 'Accept-Encoding' } ]
50 verbose stack Error: Registry returned 404 for GET on https://registry.npmjs.org/edi-cam
50 verbose stack     at makeError (/usr/local/lib/node_modules/npm/node_modules/npm-registry-client/lib/request.js:264:12)
50 verbose stack     at CachingRegistryClient.<anonymous> (/usr/local/lib/node_modules/npm/node_modules/npm-registry-client/lib/request.js:242:14)
50 verbose stack     at Request._callback (/usr/local/lib/node_modules/npm/node_modules/npm-registry-client/lib/request.js:172:14)
50 verbose stack     at Request.self.callback (/usr/local/lib/node_modules/npm/node_modules/request/request.js:199:22)
50 verbose stack     at emitTwo (events.js:87:13)
50 verbose stack     at Request.emit (events.js:172:7)
50 verbose stack     at Request.<anonymous> (/usr/local/lib/node_modules/npm/node_modules/request/request.js:1036:10)
50 verbose stack     at emitOne (events.js:82:20)
50 verbose stack     at Request.emit (events.js:169:7)
50 verbose stack     at IncomingMessage.<anonymous> (/usr/local/lib/node_modules/npm/node_modules/request/request.js:963:12)
51 verbose statusCode 404
52 verbose pkgid edi-cam
53 verbose cwd /home/pi/rover
54 error Linux 4.4.6-4d0ae01-emlid-v7+
55 error argv "/usr/local/bin/node" "/usr/local/bin/npm" "i" "edi-cam"
56 error node v4.4.3
57 error npm  v2.15.1
58 error code E404
59 error 404 Registry returned 404 for GET on https://registry.npmjs.org/edi-cam
59 error 404
59 error 404 'edi-cam' is not in the npm registry.
59 error 404 You should bug the author to publish it (or use the name yourself!)
59 error 404 It was specified as a dependency of 'rover'
59 error 404
59 error 404 Note that you can also install from a
59 error 404 tarball, folder, http url, or git url.
60 verbose exit [ 1, true ]
